{"D:\\www\\testedrecruits\\interview-assignment\\crawler\\src\\config.ts": {"path":"D:\\www\\testedrecruits\\interview-assignment\\crawler\\src\\config.ts","statementMap":{"0":{"start":{"line":1,"column":13},"end":{"line":1,"column":69}},"1":{"start":{"line":2,"column":13},"end":{"line":2,"column":73}},"2":{"start":{"line":3,"column":13},"end":{"line":3,"column":91}},"3":{"start":{"line":4,"column":13},"end":{"line":4,"column":83}},"4":{"start":{"line":5,"column":13},"end":{"line":5,"column":95}},"5":{"start":{"line":6,"column":13},"end":{"line":6,"column":112}},"6":{"start":{"line":7,"column":13},"end":{"line":7,"column":110}},"7":{"start":{"line":8,"column":13},"end":{"line":8,"column":86}},"8":{"start":{"line":9,"column":13},"end":{"line":9,"column":98}},"9":{"start":{"line":10,"column":13},"end":{"line":10,"column":114}},"10":{"start":{"line":11,"column":13},"end":{"line":11,"column":112}},"11":{"start":{"line":12,"column":13},"end":{"line":12,"column":73}},"12":{"start":{"line":13,"column":13},"end":{"line":13,"column":74}},"13":{"start":{"line":14,"column":13},"end":{"line":14,"column":69}},"14":{"start":{"line":15,"column":13},"end":{"line":15,"column":78}},"15":{"start":{"line":16,"column":13},"end":{"line":16,"column":103}},"16":{"start":{"line":17,"column":13},"end":{"line":17,"column":117}},"17":{"start":{"line":18,"column":13},"end":{"line":18,"column":99}},"18":{"start":{"line":19,"column":13},"end":{"line":19,"column":99}},"19":{"start":{"line":20,"column":13},"end":{"line":20,"column":97}},"20":{"start":{"line":21,"column":13},"end":{"line":21,"column":111}},"21":{"start":{"line":22,"column":13},"end":{"line":22,"column":96}},"22":{"start":{"line":23,"column":13},"end":{"line":23,"column":91}},"23":{"start":{"line":24,"column":13},"end":{"line":24,"column":96}},"24":{"start":{"line":25,"column":13},"end":{"line":25,"column":55}},"25":{"start":{"line":26,"column":13},"end":{"line":26,"column":55}},"26":{"start":{"line":27,"column":13},"end":{"line":27,"column":55}},"27":{"start":{"line":28,"column":13},"end":{"line":28,"column":77}},"28":{"start":{"line":29,"column":13},"end":{"line":29,"column":95}},"29":{"start":{"line":30,"column":13},"end":{"line":30,"column":83}},"30":{"start":{"line":31,"column":13},"end":{"line":31,"column":55}}},"fnMap":{},"branchMap":{"0":{"loc":{"start":{"line":1,"column":25},"end":{"line":1,"column":68}},"type":"binary-expr","locations":[{"start":{"line":1,"column":25},"end":{"line":1,"column":46}},{"start":{"line":1,"column":50},"end":{"line":1,"column":68}}]},"1":{"loc":{"start":{"line":2,"column":28},"end":{"line":2,"column":72}},"type":"binary-expr","locations":[{"start":{"line":2,"column":28},"end":{"line":2,"column":52}},{"start":{"line":2,"column":56},"end":{"line":2,"column":72}}]},"2":{"loc":{"start":{"line":3,"column":36},"end":{"line":3,"column":90}},"type":"binary-expr","locations":[{"start":{"line":3,"column":36},"end":{"line":3,"column":68}},{"start":{"line":3,"column":72},"end":{"line":3,"column":90}}]},"3":{"loc":{"start":{"line":4,"column":34},"end":{"line":4,"column":82}},"type":"binary-expr","locations":[{"start":{"line":4,"column":34},"end":{"line":4,"column":64}},{"start":{"line":4,"column":68},"end":{"line":4,"column":82}}]},"4":{"loc":{"start":{"line":5,"column":38},"end":{"line":5,"column":94}},"type":"binary-expr","locations":[{"start":{"line":5,"column":38},"end":{"line":5,"column":72}},{"start":{"line":5,"column":76},"end":{"line":5,"column":94}}]},"5":{"loc":{"start":{"line":6,"column":45},"end":{"line":6,"column":111}},"type":"binary-expr","locations":[{"start":{"line":6,"column":45},"end":{"line":6,"column":106}},{"start":{"line":6,"column":110},"end":{"line":6,"column":111}}]},"6":{"loc":{"start":{"line":7,"column":44},"end":{"line":7,"column":109}},"type":"binary-expr","locations":[{"start":{"line":7,"column":44},"end":{"line":7,"column":104}},{"start":{"line":7,"column":108},"end":{"line":7,"column":109}}]},"7":{"loc":{"start":{"line":8,"column":35},"end":{"line":8,"column":85}},"type":"binary-expr","locations":[{"start":{"line":8,"column":35},"end":{"line":8,"column":66}},{"start":{"line":8,"column":70},"end":{"line":8,"column":85}}]},"8":{"loc":{"start":{"line":9,"column":39},"end":{"line":9,"column":97}},"type":"binary-expr","locations":[{"start":{"line":9,"column":39},"end":{"line":9,"column":74}},{"start":{"line":9,"column":78},"end":{"line":9,"column":97}}]},"9":{"loc":{"start":{"line":10,"column":46},"end":{"line":10,"column":113}},"type":"binary-expr","locations":[{"start":{"line":10,"column":46},"end":{"line":10,"column":108}},{"start":{"line":10,"column":112},"end":{"line":10,"column":113}}]},"10":{"loc":{"start":{"line":11,"column":45},"end":{"line":11,"column":111}},"type":"binary-expr","locations":[{"start":{"line":11,"column":45},"end":{"line":11,"column":106}},{"start":{"line":11,"column":110},"end":{"line":11,"column":111}}]},"11":{"loc":{"start":{"line":12,"column":26},"end":{"line":12,"column":57}},"type":"binary-expr","locations":[{"start":{"line":12,"column":26},"end":{"line":12,"column":47}},{"start":{"line":12,"column":51},"end":{"line":12,"column":57}}]},"12":{"loc":{"start":{"line":13,"column":32},"end":{"line":13,"column":73}},"type":"binary-expr","locations":[{"start":{"line":13,"column":32},"end":{"line":13,"column":60}},{"start":{"line":13,"column":64},"end":{"line":13,"column":73}}]},"13":{"loc":{"start":{"line":14,"column":29},"end":{"line":14,"column":68}},"type":"binary-expr","locations":[{"start":{"line":14,"column":29},"end":{"line":14,"column":54}},{"start":{"line":14,"column":58},"end":{"line":14,"column":68}}]},"14":{"loc":{"start":{"line":15,"column":25},"end":{"line":15,"column":77}},"type":"binary-expr","locations":[{"start":{"line":15,"column":25},"end":{"line":15,"column":46}},{"start":{"line":15,"column":50},"end":{"line":15,"column":77}}]},"15":{"loc":{"start":{"line":16,"column":39},"end":{"line":16,"column":102}},"type":"binary-expr","locations":[{"start":{"line":16,"column":39},"end":{"line":16,"column":94}},{"start":{"line":16,"column":98},"end":{"line":16,"column":102}}]},"16":{"loc":{"start":{"line":17,"column":47},"end":{"line":17,"column":116}},"type":"binary-expr","locations":[{"start":{"line":17,"column":47},"end":{"line":17,"column":110}},{"start":{"line":17,"column":114},"end":{"line":17,"column":116}}]},"17":{"loc":{"start":{"line":18,"column":38},"end":{"line":18,"column":98}},"type":"binary-expr","locations":[{"start":{"line":18,"column":38},"end":{"line":18,"column":92}},{"start":{"line":18,"column":96},"end":{"line":18,"column":98}}]},"18":{"loc":{"start":{"line":19,"column":37},"end":{"line":19,"column":98}},"type":"binary-expr","locations":[{"start":{"line":19,"column":37},"end":{"line":19,"column":90}},{"start":{"line":19,"column":94},"end":{"line":19,"column":98}}]},"19":{"loc":{"start":{"line":20,"column":37},"end":{"line":20,"column":96}},"type":"binary-expr","locations":[{"start":{"line":20,"column":37},"end":{"line":20,"column":90}},{"start":{"line":20,"column":94},"end":{"line":20,"column":96}}]},"20":{"loc":{"start":{"line":21,"column":42},"end":{"line":21,"column":110}},"type":"binary-expr","locations":[{"start":{"line":21,"column":42},"end":{"line":21,"column":100}},{"start":{"line":21,"column":104},"end":{"line":21,"column":110}}]},"21":{"loc":{"start":{"line":22,"column":40},"end":{"line":22,"column":95}},"type":"binary-expr","locations":[{"start":{"line":22,"column":40},"end":{"line":22,"column":76}},{"start":{"line":22,"column":80},"end":{"line":22,"column":95}}]},"22":{"loc":{"start":{"line":23,"column":38},"end":{"line":23,"column":90}},"type":"binary-expr","locations":[{"start":{"line":23,"column":38},"end":{"line":23,"column":72}},{"start":{"line":23,"column":76},"end":{"line":23,"column":90}}]},"23":{"loc":{"start":{"line":24,"column":40},"end":{"line":24,"column":95}},"type":"binary-expr","locations":[{"start":{"line":24,"column":40},"end":{"line":24,"column":76}},{"start":{"line":24,"column":80},"end":{"line":24,"column":95}}]},"24":{"loc":{"start":{"line":25,"column":26},"end":{"line":25,"column":54}},"type":"binary-expr","locations":[{"start":{"line":25,"column":26},"end":{"line":25,"column":48}},{"start":{"line":25,"column":52},"end":{"line":25,"column":54}}]},"25":{"loc":{"start":{"line":26,"column":26},"end":{"line":26,"column":54}},"type":"binary-expr","locations":[{"start":{"line":26,"column":26},"end":{"line":26,"column":48}},{"start":{"line":26,"column":52},"end":{"line":26,"column":54}}]},"26":{"loc":{"start":{"line":27,"column":26},"end":{"line":27,"column":54}},"type":"binary-expr","locations":[{"start":{"line":27,"column":26},"end":{"line":27,"column":48}},{"start":{"line":27,"column":52},"end":{"line":27,"column":54}}]},"27":{"loc":{"start":{"line":28,"column":26},"end":{"line":28,"column":76}},"type":"binary-expr","locations":[{"start":{"line":28,"column":26},"end":{"line":28,"column":68}},{"start":{"line":28,"column":72},"end":{"line":28,"column":76}}]},"28":{"loc":{"start":{"line":29,"column":37},"end":{"line":29,"column":94}},"type":"binary-expr","locations":[{"start":{"line":29,"column":37},"end":{"line":29,"column":70}},{"start":{"line":29,"column":74},"end":{"line":29,"column":94}}]},"29":{"loc":{"start":{"line":30,"column":37},"end":{"line":30,"column":82}},"type":"binary-expr","locations":[{"start":{"line":30,"column":37},"end":{"line":30,"column":70}},{"start":{"line":30,"column":74},"end":{"line":30,"column":82}}]},"30":{"loc":{"start":{"line":31,"column":26},"end":{"line":31,"column":54}},"type":"binary-expr","locations":[{"start":{"line":31,"column":26},"end":{"line":31,"column":48}},{"start":{"line":31,"column":52},"end":{"line":31,"column":54}}]}},"s":{"0":3,"1":3,"2":3,"3":3,"4":3,"5":3,"6":3,"7":3,"8":3,"9":3,"10":3,"11":3,"12":3,"13":3,"14":3,"15":3,"16":3,"17":3,"18":3,"19":3,"20":3,"21":3,"22":3,"23":3,"24":3,"25":3,"26":3,"27":3,"28":3,"29":3,"30":3},"f":{},"b":{"0":[3,3],"1":[3,3],"2":[3,3],"3":[3,3],"4":[3,3],"5":[3,3],"6":[3,3],"7":[3,3],"8":[3,3],"9":[3,3],"10":[3,3],"11":[3,3],"12":[3,3],"13":[3,3],"14":[3,3],"15":[3,3],"16":[3,3],"17":[3,3],"18":[3,3],"19":[3,3],"20":[3,3],"21":[3,3],"22":[3,3],"23":[3,3],"24":[3,3],"25":[3,3],"26":[3,3],"27":[3,3],"28":[3,3],"29":[3,3],"30":[3,3]}}
,"D:\\www\\testedrecruits\\interview-assignment\\crawler\\src\\logger.ts": {"path":"D:\\www\\testedrecruits\\interview-assignment\\crawler\\src\\logger.ts","statementMap":{"0":{"start":{"line":1,"column":0},"end":{"line":1,"column":57}},"1":{"start":{"line":2,"column":0},"end":{"line":2,"column":46}},"2":{"start":{"line":4,"column":43},"end":{"line":4,"column":49}},"3":{"start":{"line":6,"column":15},"end":{"line":15,"column":2}},"4":{"start":{"line":18,"column":0},"end":{"line":18,"column":22}}},"fnMap":{},"branchMap":{"0":{"loc":{"start":{"line":7,"column":12},"end":{"line":7,"column":31}},"type":"binary-expr","locations":[{"start":{"line":7,"column":12},"end":{"line":7,"column":21}},{"start":{"line":7,"column":25},"end":{"line":7,"column":31}}]}},"s":{"0":2,"1":2,"2":2,"3":2,"4":2},"f":{},"b":{"0":[2,0]}}
,"D:\\www\\testedrecruits\\interview-assignment\\crawler\\src\\redis\\redisConnectivity.ts": {"path":"D:\\www\\testedrecruits\\interview-assignment\\crawler\\src\\redis\\redisConnectivity.ts","statementMap":{"0":{"start":{"line":1,"column":0},"end":{"line":1,"column":28}},"1":{"start":{"line":2,"column":0},"end":{"line":2,"column":73}},"2":{"start":{"line":3,"column":0},"end":{"line":3,"column":31}},"3":{"start":{"line":10,"column":4},"end":{"line":10,"column":23}},"4":{"start":{"line":11,"column":4},"end":{"line":11,"column":27}},"5":{"start":{"line":9,"column":0},"end":{"line":9,"column":16}},"6":{"start":{"line":16,"column":4},"end":{"line":16,"column":27}},"7":{"start":{"line":17,"column":4},"end":{"line":17,"column":31}},"8":{"start":{"line":15,"column":0},"end":{"line":15,"column":22}},"9":{"start":{"line":22,"column":4},"end":{"line":22,"column":35}},"10":{"start":{"line":21,"column":0},"end":{"line":21,"column":22}},"11":{"start":{"line":27,"column":4},"end":{"line":27,"column":39}},"12":{"start":{"line":26,"column":0},"end":{"line":26,"column":22}},"13":{"start":{"line":32,"column":4},"end":{"line":34,"column":null}},"14":{"start":{"line":33,"column":8},"end":{"line":33,"column":22}},"15":{"start":{"line":35,"column":4},"end":{"line":37,"column":null}},"16":{"start":{"line":36,"column":8},"end":{"line":36,"column":26}},"17":{"start":{"line":40,"column":28},"end":{"line":45,"column":6}},"18":{"start":{"line":48,"column":4},"end":{"line":62,"column":7}},"19":{"start":{"line":49,"column":8},"end":{"line":57,"column":11}},"20":{"start":{"line":50,"column":12},"end":{"line":50,"column":56}},"21":{"start":{"line":51,"column":12},"end":{"line":55,"column":null}},"22":{"start":{"line":52,"column":16},"end":{"line":52,"column":41}},"23":{"start":{"line":54,"column":16},"end":{"line":54,"column":45}},"24":{"start":{"line":56,"column":12},"end":{"line":56,"column":37}},"25":{"start":{"line":58,"column":8},"end":{"line":61,"column":11}},"26":{"start":{"line":59,"column":12},"end":{"line":59,"column":67}},"27":{"start":{"line":60,"column":12},"end":{"line":60,"column":24}},"28":{"start":{"line":79,"column":4},"end":{"line":85,"column":7}},"29":{"start":{"line":80,"column":8},"end":{"line":84,"column":null}},"30":{"start":{"line":81,"column":12},"end":{"line":81,"column":84}},"31":{"start":{"line":83,"column":12},"end":{"line":83,"column":70}},"32":{"start":{"line":88,"column":4},"end":{"line":94,"column":7}},"33":{"start":{"line":89,"column":8},"end":{"line":93,"column":null}},"34":{"start":{"line":90,"column":12},"end":{"line":90,"column":23}},"35":{"start":{"line":92,"column":12},"end":{"line":92,"column":null}},"36":{"start":{"line":65,"column":0},"end":{"line":65,"column":22}},"37":{"start":{"line":98,"column":4},"end":{"line":105,"column":null}},"38":{"start":{"line":99,"column":8},"end":{"line":100,"column":32}},"39":{"start":{"line":100,"column":12},"end":{"line":100,"column":32}},"40":{"start":{"line":101,"column":8},"end":{"line":102,"column":36}},"41":{"start":{"line":102,"column":12},"end":{"line":102,"column":36}},"42":{"start":{"line":104,"column":8},"end":{"line":104,"column":63}},"43":{"start":{"line":106,"column":4},"end":{"line":106,"column":39}},"44":{"start":{"line":97,"column":0},"end":{"line":97,"column":22}}},"fnMap":{"0":{"name":"resetEncapsulatedForTests","decl":{"start":{"line":9,"column":16},"end":{"line":9,"column":41}},"loc":{"start":{"line":9,"column":41},"end":{"line":12,"column":1}}},"1":{"name":"redisConnect","decl":{"start":{"line":15,"column":22},"end":{"line":15,"column":34}},"loc":{"start":{"line":15,"column":34},"end":{"line":18,"column":null}}},"2":{"name":"getRedisClient","decl":{"start":{"line":21,"column":22},"end":{"line":21,"column":36}},"loc":{"start":{"line":21,"column":36},"end":{"line":23,"column":null}}},"3":{"name":"getRedisSubscriber","decl":{"start":{"line":26,"column":22},"end":{"line":26,"column":40}},"loc":{"start":{"line":26,"column":40},"end":{"line":28,"column":null}}},"4":{"name":"getConnection","decl":{"start":{"line":31,"column":15},"end":{"line":31,"column":28}},"loc":{"start":{"line":31,"column":58},"end":{"line":63,"column":null}}},"5":{"name":"(anonymous_17)","decl":{"start":{"line":48,"column":30},"end":{"line":48,"column":31}},"loc":{"start":{"line":48,"column":50},"end":{"line":62,"column":5}}},"6":{"name":"(anonymous_18)","decl":{"start":{"line":49,"column":38},"end":{"line":49,"column":41}},"loc":{"start":{"line":49,"column":43},"end":{"line":57,"column":9}}},"7":{"name":"(anonymous_19)","decl":{"start":{"line":58,"column":36},"end":{"line":58,"column":37}},"loc":{"start":{"line":58,"column":44},"end":{"line":61,"column":9}}},"8":{"name":"redisSubscribe","decl":{"start":{"line":65,"column":22},"end":{"line":65,"column":36}},"loc":{"start":{"line":76,"column":5},"end":{"line":95,"column":null}}},"9":{"name":"(anonymous_22)","decl":{"start":{"line":79,"column":30},"end":{"line":79,"column":31}},"loc":{"start":{"line":79,"column":45},"end":{"line":85,"column":5}}},"10":{"name":"(anonymous_23)","decl":{"start":{"line":88,"column":25},"end":{"line":88,"column":26}},"loc":{"start":{"line":88,"column":62},"end":{"line":94,"column":5}}},"11":{"name":"redisDisconnect","decl":{"start":{"line":97,"column":22},"end":{"line":97,"column":37}},"loc":{"start":{"line":97,"column":37},"end":{"line":107,"column":null}}}},"branchMap":{"0":{"loc":{"start":{"line":32,"column":4},"end":{"line":34,"column":null}},"type":"if","locations":[{"start":{"line":32,"column":4},"end":{"line":34,"column":null}}]},"1":{"loc":{"start":{"line":32,"column":8},"end":{"line":32,"column":35}},"type":"binary-expr","locations":[{"start":{"line":32,"column":8},"end":{"line":32,"column":25}},{"start":{"line":32,"column":29},"end":{"line":32,"column":35}}]},"2":{"loc":{"start":{"line":35,"column":4},"end":{"line":37,"column":null}},"type":"if","locations":[{"start":{"line":35,"column":4},"end":{"line":37,"column":null}}]},"3":{"loc":{"start":{"line":35,"column":8},"end":{"line":35,"column":43}},"type":"binary-expr","locations":[{"start":{"line":35,"column":8},"end":{"line":35,"column":29}},{"start":{"line":35,"column":33},"end":{"line":35,"column":43}}]},"4":{"loc":{"start":{"line":51,"column":12},"end":{"line":55,"column":null}},"type":"if","locations":[{"start":{"line":51,"column":12},"end":{"line":55,"column":null}},{"start":{"line":53,"column":19},"end":{"line":55,"column":null}}]},"5":{"loc":{"start":{"line":80,"column":8},"end":{"line":84,"column":null}},"type":"if","locations":[{"start":{"line":80,"column":8},"end":{"line":84,"column":null}},{"start":{"line":82,"column":15},"end":{"line":84,"column":null}}]},"6":{"loc":{"start":{"line":89,"column":8},"end":{"line":93,"column":null}},"type":"if","locations":[{"start":{"line":89,"column":8},"end":{"line":93,"column":null}},{"start":{"line":91,"column":15},"end":{"line":93,"column":null}}]},"7":{"loc":{"start":{"line":89,"column":12},"end":{"line":89,"column":70}},"type":"binary-expr","locations":[{"start":{"line":89,"column":12},"end":{"line":89,"column":39}},{"start":{"line":89,"column":43},"end":{"line":89,"column":70}}]},"8":{"loc":{"start":{"line":99,"column":8},"end":{"line":100,"column":32}},"type":"if","locations":[{"start":{"line":99,"column":8},"end":{"line":100,"column":32}}]},"9":{"loc":{"start":{"line":101,"column":8},"end":{"line":102,"column":36}},"type":"if","locations":[{"start":{"line":101,"column":8},"end":{"line":102,"column":36}}]}},"s":{"0":1,"1":1,"2":1,"3":10,"4":10,"5":1,"6":1,"7":1,"8":1,"9":7,"10":1,"11":5,"12":1,"13":12,"14":1,"15":11,"16":1,"17":10,"18":10,"19":10,"20":9,"21":9,"22":5,"23":4,"24":9,"25":10,"26":1,"27":1,"28":2,"29":2,"30":1,"31":1,"32":2,"33":2,"34":1,"35":1,"36":1,"37":2,"38":2,"39":2,"40":1,"41":1,"42":1,"43":2,"44":1},"f":{"0":10,"1":1,"2":7,"3":5,"4":12,"5":10,"6":9,"7":1,"8":2,"9":2,"10":2,"11":2},"b":{"0":[1],"1":[12,7],"2":[1],"3":[11,5],"4":[5,4],"5":[1,1],"6":[1,1],"7":[2,2],"8":[2],"9":[1]}}
,"D:\\www\\testedrecruits\\interview-assignment\\crawler\\src\\redis\\redisLeadership.ts": {"path":"D:\\www\\testedrecruits\\interview-assignment\\crawler\\src\\redis\\redisLeadership.ts","statementMap":{"0":{"start":{"line":2,"column":0},"end":{"line":2,"column":28}},"1":{"start":{"line":3,"column":0},"end":{"line":3,"column":31}},"2":{"start":{"line":11,"column":12},"end":{"line":11,"column":56}},"3":{"start":{"line":23,"column":8},"end":{"line":23,"column":39}},"4":{"start":{"line":24,"column":8},"end":{"line":24,"column":45}},"5":{"start":{"line":25,"column":8},"end":{"line":25,"column":23}},"6":{"start":{"line":26,"column":8},"end":{"line":26,"column":37}},"7":{"start":{"line":30,"column":8},"end":{"line":30,"column":85}},"8":{"start":{"line":34,"column":8},"end":{"line":34,"column":74}},"9":{"start":{"line":38,"column":8},"end":{"line":38,"column":37}},"10":{"start":{"line":39,"column":8},"end":{"line":41,"column":21}},"11":{"start":{"line":39,"column":31},"end":{"line":41,"column":11}},"12":{"start":{"line":40,"column":12},"end":{"line":40,"column":41}},"13":{"start":{"line":45,"column":8},"end":{"line":47,"column":null}},"14":{"start":{"line":46,"column":12},"end":{"line":46,"column":24}},"15":{"start":{"line":48,"column":23},"end":{"line":48,"column":109}},"16":{"start":{"line":49,"column":8},"end":{"line":53,"column":null}},"17":{"start":{"line":50,"column":12},"end":{"line":50,"column":82}},"18":{"start":{"line":51,"column":12},"end":{"line":51,"column":35}},"19":{"start":{"line":52,"column":12},"end":{"line":52,"column":24}},"20":{"start":{"line":54,"column":8},"end":{"line":54,"column":101}},"21":{"start":{"line":55,"column":8},"end":{"line":55,"column":21}},"22":{"start":{"line":60,"column":8},"end":{"line":64,"column":null}},"23":{"start":{"line":61,"column":12},"end":{"line":63,"column":null}},"24":{"start":{"line":62,"column":16},"end":{"line":62,"column":64}},"25":{"start":{"line":66,"column":8},"end":{"line":69,"column":null}},"26":{"start":{"line":67,"column":12},"end":{"line":67,"column":46}},"27":{"start":{"line":68,"column":12},"end":{"line":68,"column":38}},"28":{"start":{"line":70,"column":8},"end":{"line":70,"column":85}},"29":{"start":{"line":75,"column":8},"end":{"line":78,"column":null}},"30":{"start":{"line":76,"column":12},"end":{"line":76,"column":47}},"31":{"start":{"line":77,"column":12},"end":{"line":77,"column":38}},"32":{"start":{"line":81,"column":8},"end":{"line":90,"column":25}},"33":{"start":{"line":81,"column":52},"end":{"line":90,"column":11}},"34":{"start":{"line":82,"column":12},"end":{"line":89,"column":null}},"35":{"start":{"line":83,"column":16},"end":{"line":83,"column":78}},"36":{"start":{"line":84,"column":16},"end":{"line":84,"column":89}},"37":{"start":{"line":86,"column":16},"end":{"line":86,"column":51}},"38":{"start":{"line":87,"column":16},"end":{"line":87,"column":42}},"39":{"start":{"line":88,"column":16},"end":{"line":88,"column":85}},"40":{"start":{"line":5,"column":0},"end":{"line":5,"column":13}}},"fnMap":{"0":{"name":"(anonymous_8)","decl":{"start":{"line":13,"column":4},"end":{"line":13,"column":null}},"loc":{"start":{"line":22,"column":9},"end":{"line":27,"column":5}}},"1":{"name":"(anonymous_9)","decl":{"start":{"line":29,"column":10},"end":{"line":29,"column":18}},"loc":{"start":{"line":29,"column":18},"end":{"line":31,"column":null}}},"2":{"name":"(anonymous_11)","decl":{"start":{"line":33,"column":10},"end":{"line":33,"column":25}},"loc":{"start":{"line":33,"column":25},"end":{"line":35,"column":null}}},"3":{"name":"(anonymous_13)","decl":{"start":{"line":37,"column":10},"end":{"line":37,"column":33}},"loc":{"start":{"line":37,"column":33},"end":{"line":42,"column":null}}},"4":{"name":"(anonymous_15)","decl":{"start":{"line":39,"column":20},"end":{"line":39,"column":29}},"loc":{"start":{"line":39,"column":31},"end":{"line":41,"column":11}}},"5":{"name":"(anonymous_16)","decl":{"start":{"line":39,"column":31},"end":{"line":39,"column":null}},"loc":{"start":{"line":39,"column":31},"end":{"line":41,"column":9}}},"6":{"name":"(anonymous_17)","decl":{"start":{"line":44,"column":10},"end":{"line":44,"column":25}},"loc":{"start":{"line":44,"column":25},"end":{"line":56,"column":null}}},"7":{"name":"(anonymous_19)","decl":{"start":{"line":58,"column":10},"end":{"line":58,"column":30}},"loc":{"start":{"line":58,"column":30},"end":{"line":71,"column":null}}},"8":{"name":"(anonymous_21)","decl":{"start":{"line":73,"column":12},"end":{"line":73,"column":27}},"loc":{"start":{"line":73,"column":27},"end":{"line":91,"column":5}}},"9":{"name":"(anonymous_22)","decl":{"start":{"line":81,"column":41},"end":{"line":81,"column":50}},"loc":{"start":{"line":81,"column":52},"end":{"line":90,"column":11}}},"10":{"name":"(anonymous_23)","decl":{"start":{"line":81,"column":52},"end":{"line":81,"column":null}},"loc":{"start":{"line":81,"column":52},"end":{"line":90,"column":9}}}},"branchMap":{"0":{"loc":{"start":{"line":45,"column":8},"end":{"line":47,"column":null}},"type":"if","locations":[{"start":{"line":45,"column":8},"end":{"line":47,"column":null}}]},"1":{"loc":{"start":{"line":49,"column":8},"end":{"line":53,"column":null}},"type":"if","locations":[{"start":{"line":49,"column":8},"end":{"line":53,"column":null}}]},"2":{"loc":{"start":{"line":60,"column":8},"end":{"line":64,"column":null}},"type":"if","locations":[{"start":{"line":60,"column":8},"end":{"line":64,"column":null}}]},"3":{"loc":{"start":{"line":61,"column":12},"end":{"line":63,"column":null}},"type":"if","locations":[{"start":{"line":61,"column":12},"end":{"line":63,"column":null}}]},"4":{"loc":{"start":{"line":66,"column":8},"end":{"line":69,"column":null}},"type":"if","locations":[{"start":{"line":66,"column":8},"end":{"line":69,"column":null}}]},"5":{"loc":{"start":{"line":75,"column":8},"end":{"line":78,"column":null}},"type":"if","locations":[{"start":{"line":75,"column":8},"end":{"line":78,"column":null}}]},"6":{"loc":{"start":{"line":82,"column":12},"end":{"line":89,"column":null}},"type":"if","locations":[{"start":{"line":82,"column":12},"end":{"line":89,"column":null}},{"start":{"line":85,"column":19},"end":{"line":89,"column":null}}]}},"s":{"0":1,"1":1,"2":12,"3":12,"4":12,"5":12,"6":12,"7":6,"8":1,"9":1,"10":1,"11":2,"12":2,"13":4,"14":1,"15":2,"16":2,"17":1,"18":1,"19":1,"20":1,"21":1,"22":1,"23":1,"24":1,"25":1,"26":1,"27":1,"28":1,"29":3,"30":1,"31":1,"32":3,"33":3,"34":3,"35":2,"36":2,"37":1,"38":1,"39":1,"40":1},"f":{"0":12,"1":6,"2":1,"3":1,"4":2,"5":2,"6":4,"7":1,"8":3,"9":3,"10":3},"b":{"0":[1],"1":[1],"2":[1],"3":[1],"4":[1],"5":[1],"6":[2,1]}}
}
