TN:
SF:src\config.ts
FNF:0
FNH:0
DA:1,3
DA:2,3
DA:3,3
DA:4,3
DA:5,3
DA:6,3
DA:7,3
DA:8,3
DA:9,3
DA:10,3
DA:11,3
DA:12,3
DA:13,3
DA:14,3
DA:15,3
DA:16,3
DA:17,3
DA:18,3
DA:19,3
DA:20,3
DA:21,3
DA:22,3
DA:23,3
DA:24,3
DA:25,3
DA:26,3
DA:27,3
DA:28,3
DA:29,3
DA:30,3
DA:31,3
LF:31
LH:31
BRDA:1,0,0,3
BRDA:1,0,1,3
BRDA:2,1,0,3
BRDA:2,1,1,3
BRDA:3,2,0,3
BRDA:3,2,1,3
BRDA:4,3,0,3
BRDA:4,3,1,3
BRDA:5,4,0,3
BRDA:5,4,1,3
BRDA:6,5,0,3
BRDA:6,5,1,3
BRDA:7,6,0,3
BRDA:7,6,1,3
BRDA:8,7,0,3
BRDA:8,7,1,3
BRDA:9,8,0,3
BRDA:9,8,1,3
BRDA:10,9,0,3
BRDA:10,9,1,3
BRDA:11,10,0,3
BRDA:11,10,1,3
BRDA:12,11,0,3
BRDA:12,11,1,3
BRDA:13,12,0,3
BRDA:13,12,1,3
BRDA:14,13,0,3
BRDA:14,13,1,3
BRDA:15,14,0,3
BRDA:15,14,1,3
BRDA:16,15,0,3
BRDA:16,15,1,3
BRDA:17,16,0,3
BRDA:17,16,1,3
BRDA:18,17,0,3
BRDA:18,17,1,3
BRDA:19,18,0,3
BRDA:19,18,1,3
BRDA:20,19,0,3
BRDA:20,19,1,3
BRDA:21,20,0,3
BRDA:21,20,1,3
BRDA:22,21,0,3
BRDA:22,21,1,3
BRDA:23,22,0,3
BRDA:23,22,1,3
BRDA:24,23,0,3
BRDA:24,23,1,3
BRDA:25,24,0,3
BRDA:25,24,1,3
BRDA:26,25,0,3
BRDA:26,25,1,3
BRDA:27,26,0,3
BRDA:27,26,1,3
BRDA:28,27,0,3
BRDA:28,27,1,3
BRDA:29,28,0,3
BRDA:29,28,1,3
BRDA:30,29,0,3
BRDA:30,29,1,3
BRDA:31,30,0,3
BRDA:31,30,1,3
BRF:62
BRH:62
end_of_record
TN:
SF:src\logger.ts
FNF:0
FNH:0
DA:1,2
DA:2,2
DA:4,2
DA:6,2
DA:18,2
LF:5
LH:5
BRDA:7,0,0,2
BRDA:7,0,1,0
BRF:2
BRH:1
end_of_record
TN:
SF:src\redis\redisConnectivity.ts
FN:9,resetEncapsulatedForTests
FN:15,redisConnect
FN:21,getRedisClient
FN:26,getRedisSubscriber
FN:31,getConnection
FN:48,(anonymous_17)
FN:49,(anonymous_18)
FN:58,(anonymous_19)
FN:65,redisSubscribe
FN:79,(anonymous_22)
FN:88,(anonymous_23)
FN:97,redisDisconnect
FNF:12
FNH:12
FNDA:10,resetEncapsulatedForTests
FNDA:1,redisConnect
FNDA:7,getRedisClient
FNDA:5,getRedisSubscriber
FNDA:12,getConnection
FNDA:10,(anonymous_17)
FNDA:9,(anonymous_18)
FNDA:1,(anonymous_19)
FNDA:2,redisSubscribe
FNDA:2,(anonymous_22)
FNDA:2,(anonymous_23)
FNDA:2,redisDisconnect
DA:1,1
DA:2,1
DA:3,1
DA:9,1
DA:10,10
DA:11,10
DA:15,1
DA:16,1
DA:17,1
DA:21,1
DA:22,7
DA:26,1
DA:27,5
DA:32,12
DA:33,1
DA:35,11
DA:36,1
DA:40,10
DA:48,10
DA:49,10
DA:50,9
DA:51,9
DA:52,5
DA:54,4
DA:56,9
DA:58,10
DA:59,1
DA:60,1
DA:65,1
DA:79,2
DA:80,2
DA:81,1
DA:83,1
DA:88,2
DA:89,2
DA:90,1
DA:92,1
DA:97,1
DA:98,2
DA:99,2
DA:100,2
DA:101,1
DA:102,1
DA:104,1
DA:106,2
LF:45
LH:45
BRDA:32,0,0,1
BRDA:32,1,0,12
BRDA:32,1,1,7
BRDA:35,2,0,1
BRDA:35,3,0,11
BRDA:35,3,1,5
BRDA:51,4,0,5
BRDA:51,4,1,4
BRDA:80,5,0,1
BRDA:80,5,1,1
BRDA:89,6,0,1
BRDA:89,6,1,1
BRDA:89,7,0,2
BRDA:89,7,1,2
BRDA:99,8,0,2
BRDA:101,9,0,1
BRF:16
BRH:16
end_of_record
TN:
SF:src\redis\redisLeadership.ts
FN:13,(anonymous_8)
FN:29,(anonymous_9)
FN:33,(anonymous_11)
FN:37,(anonymous_13)
FN:39,(anonymous_15)
FN:39,(anonymous_16)
FN:44,(anonymous_17)
FN:58,(anonymous_19)
FN:73,(anonymous_21)
FN:81,(anonymous_22)
FN:81,(anonymous_23)
FNF:11
FNH:11
FNDA:12,(anonymous_8)
FNDA:6,(anonymous_9)
FNDA:1,(anonymous_11)
FNDA:1,(anonymous_13)
FNDA:2,(anonymous_15)
FNDA:2,(anonymous_16)
FNDA:4,(anonymous_17)
FNDA:1,(anonymous_19)
FNDA:3,(anonymous_21)
FNDA:3,(anonymous_22)
FNDA:3,(anonymous_23)
DA:2,1
DA:3,1
DA:5,1
DA:11,12
DA:23,12
DA:24,12
DA:25,12
DA:26,12
DA:30,6
DA:34,1
DA:38,1
DA:39,2
DA:40,2
DA:45,4
DA:46,1
DA:48,2
DA:49,2
DA:50,1
DA:51,1
DA:52,1
DA:54,1
DA:55,1
DA:60,1
DA:61,1
DA:62,1
DA:66,1
DA:67,1
DA:68,1
DA:70,1
DA:75,3
DA:76,1
DA:77,1
DA:81,3
DA:82,3
DA:83,2
DA:84,2
DA:86,1
DA:87,1
DA:88,1
LF:39
LH:39
BRDA:45,0,0,1
BRDA:49,1,0,1
BRDA:60,2,0,1
BRDA:61,3,0,1
BRDA:66,4,0,1
BRDA:75,5,0,1
BRDA:82,6,0,2
BRDA:82,6,1,1
BRF:8
BRH:8
end_of_record
